time="2024-10-25 15:00:52" level=info msg="Database connected - ./shop.db" func=elestial/internal/repository.InitializeDB file="/Users/elnurkoke/Desktop/ElnurKoke/projects/Elestial/internal/repository/database.go:17"
time="2024-10-25 15:00:52" level=info msg="Migration complated" func=elestial/internal/repository.InitializeDB file="/Users/elnurkoke/Desktop/ElnurKoke/projects/Elestial/internal/repository/database.go:22"
time="2024-10-25 15:01:11" level=info msg="awd logged in" func="elestial/internal/handler.(*Handler).login" file="/Users/elnurkoke/Desktop/ElnurKoke/projects/Elestial/internal/handler/login.go:44"
{"file":"/Users/elnurkoke/Desktop/ElnurKoke/projects/Elestial/internal/repository/database.go:17","func":"elestial/internal/repository.InitializeDB","level":"info","msg":"Database connected - ./shop.db","time":"2024-10-29T18:15:38+05:00"}
{"file":"/Users/elnurkoke/Desktop/ElnurKoke/projects/Elestial/internal/repository/database.go:22","func":"elestial/internal/repository.InitializeDB","level":"info","msg":"Migration complated","time":"2024-10-29T18:15:38+05:00"}
{"file":"/Users/elnurkoke/Desktop/ElnurKoke/projects/Elestial/internal/handler/login.go:53","func":"elestial/internal/handler.(*Handler).login","level":"info","msg":"aa logged in","time":"2024-10-29T18:16:11+05:00"}
{"file":"/Users/elnurkoke/Desktop/ElnurKoke/projects/Elestial/internal/handler/middleware.go:41","func":"elestial/internal/handler.(*Handler).InitRoutes.(*Handler).JWTMiddleware.func1","level":"info","msg":"Username jwt: aa","time":"2024-10-29T18:16:11+05:00"}
{"file":"/Users/elnurkoke/Desktop/ElnurKoke/projects/Elestial/internal/handler/login.go:53","func":"elestial/internal/handler.(*Handler).login","level":"info","msg":"awd logged in","time":"2024-10-29T18:16:22+05:00"}
{"file":"/Users/elnurkoke/Desktop/ElnurKoke/projects/Elestial/internal/handler/middleware.go:41","func":"elestial/internal/handler.(*Handler).InitRoutes.(*Handler).JWTMiddleware.func1","level":"info","msg":"Username jwt: awd","time":"2024-10-29T18:16:22+05:00"}
{"file":"/Users/elnurkoke/Desktop/ElnurKoke/projects/Elestial/internal/repository/database.go:17","func":"elestial/internal/repository.InitializeDB","level":"info","msg":"Database connected - ./shop.db","time":"2024-10-30T17:49:50+05:00"}
{"file":"/Users/elnurkoke/Desktop/ElnurKoke/projects/Elestial/internal/repository/database.go:22","func":"elestial/internal/repository.InitializeDB","level":"info","msg":"Migration complated","time":"2024-10-30T17:49:50+05:00"}
{"file":"/Users/elnurkoke/Desktop/ElnurKoke/projects/Elestial/internal/repository/database.go:17","func":"elestial/internal/repository.InitializeDB","level":"info","msg":"Database connected - ./shop.db","time":"2024-10-30T17:57:48+05:00"}
{"file":"/Users/elnurkoke/Desktop/ElnurKoke/projects/Elestial/internal/repository/database.go:22","func":"elestial/internal/repository.InitializeDB","level":"info","msg":"Migration complated","time":"2024-10-30T17:57:48+05:00"}
{"file":"/Users/elnurkoke/Desktop/ElnurKoke/projects/Elestial/internal/handler/login.go:53","func":"elestial/internal/handler.(*Handler).login","level":"info","msg":"aa logged in","time":"2024-10-30T17:59:19+05:00"}
{"file":"/Users/elnurkoke/Desktop/ElnurKoke/projects/Elestial/internal/handler/middleware.go:41","func":"elestial/internal/handler.(*Handler).InitRoutes.(*Handler).JWTMiddleware.func1","level":"info","msg":"Username jwt: aa","time":"2024-10-30T17:59:19+05:00"}
{"file":"/Users/elnurkoke/Desktop/ElnurKoke/projects/Elestial/internal/repository/database.go:17","func":"elestial/internal/repository.InitializeDB","level":"info","msg":"Database connected - ./shop.db","time":"2024-11-28T19:20:16+05:00"}
{"file":"/Users/elnurkoke/Desktop/ElnurKoke/projects/Elestial/internal/repository/database.go:22","func":"elestial/internal/repository.InitializeDB","level":"info","msg":"Migration complated","time":"2024-11-28T19:20:16+05:00"}
{"file":"/Users/elnurkoke/Desktop/ElnurKoke/projects/Elestial/internal/handler/register.go:29","func":"elestial/internal/handler.(*Handler).register","level":"info","msg":"elnura registered","time":"2024-11-28T19:20:58+05:00"}
{"file":"/Users/elnurkoke/Desktop/ElnurKoke/projects/Elestial/internal/handler/login.go:53","func":"elestial/internal/handler.(*Handler).login","level":"info","msg":"elnura logged in","time":"2024-11-28T19:21:04+05:00"}
{"file":"/Users/elnurkoke/Desktop/ElnurKoke/projects/Elestial/internal/handler/middleware.go:41","func":"elestial/internal/handler.(*Handler).InitRoutes.(*Handler).JWTMiddleware.func1","level":"info","msg":"Username jwt: elnura","time":"2024-11-28T19:21:04+05:00"}
{"file":"/Users/elnurkoke/Desktop/ElnurKoke/projects/Elestial/internal/handler/middleware.go:29","func":"elestial/internal/handler.(*Handler).InitRoutes.(*Handler).JWTMiddleware.func1","level":"error","msg":" Missing token ","time":"2024-11-29T10:49:21+05:00"}
{"file":"/Users/elnurkoke/Desktop/ElnurKoke/projects/Elestial/internal/repository/database.go:17","func":"elestial/internal/repository.InitializeDB","level":"info","msg":"Database connected - ./shop.db","time":"2024-12-11T12:53:03+05:00"}
{"file":"/Users/elnurkoke/Desktop/ElnurKoke/projects/Elestial/internal/repository/database.go:22","func":"elestial/internal/repository.InitializeDB","level":"info","msg":"Migration complated","time":"2024-12-11T12:53:03+05:00"}
{"file":"/Users/elnurkoke/Desktop/ElnurKoke/projects/Elestial/internal/handler/login.go:44","func":"elestial/internal/handler.(*Handler).login","level":"info","msg":"awd logged in","time":"2024-12-11T12:53:36+05:00"}
{"file":"/Users/elnurkoke/Desktop/ElnurKoke/projects/Elestial/internal/repository/database.go:17","func":"elestial/internal/repository.InitializeDB","level":"info","msg":"Database connected - ./shop.db","time":"2024-12-12T11:29:42+05:00"}
{"file":"/Users/elnurkoke/Desktop/ElnurKoke/projects/Elestial/internal/repository/database.go:22","func":"elestial/internal/repository.InitializeDB","level":"info","msg":"Migration complated","time":"2024-12-12T11:29:42+05:00"}
{"file":"/Users/elnurkoke/Desktop/ElnurKoke/projects/Elestial/internal/handler/login.go:44","func":"elestial/internal/handler.(*Handler).login","level":"info","msg":"awd logged in","time":"2024-12-12T11:30:25+05:00"}
{"file":"/Users/elnurkoke/Desktop/ElnurKoke/projects/Elestial/internal/repository/database.go:17","func":"elestial/internal/repository.InitializeDB","level":"info","msg":"Database connected - ./shop.db","time":"2024-12-12T11:39:44+05:00"}
{"file":"/Users/elnurkoke/Desktop/ElnurKoke/projects/Elestial/internal/repository/database.go:22","func":"elestial/internal/repository.InitializeDB","level":"info","msg":"Migration complated","time":"2024-12-12T11:39:44+05:00"}
{"fields.file":"database.go:\u0011","file":"/Users/elnurkoke/Desktop/ElnurKoke/projects/Elestial/internal/repository/database.go:17","func":"elestial/internal/repository.InitializeDB","level":"info","msg":"Database connected - ./shop.db","time":"2024-12-15T12:02:26+05:00"}
{"fields.file":"database.go:\u0016","file":"/Users/elnurkoke/Desktop/ElnurKoke/projects/Elestial/internal/repository/database.go:22","func":"elestial/internal/repository.InitializeDB","level":"info","msg":"Migration complated","time":"2024-12-15T12:02:26+05:00"}
{"level":"info","msg":"Database connected - ./shop.db","time":"2024-12-15T12:03:09+05:00"}
{"level":"info","msg":"Migration complated","time":"2024-12-15T12:03:09+05:00"}
{"fields.file":"database.go:17","file":"/Users/elnurkoke/Desktop/ElnurKoke/projects/Elestial/internal/repository/database.go:17","func":"elestial/internal/repository.InitializeDB","level":"info","msg":"Database connected - ./shop.db","time":"2024-12-15T12:04:46+05:00"}
{"fields.file":"database.go:22","file":"/Users/elnurkoke/Desktop/ElnurKoke/projects/Elestial/internal/repository/database.go:22","func":"elestial/internal/repository.InitializeDB","level":"info","msg":"Migration complated","time":"2024-12-15T12:04:46+05:00"}
{"fields.func":"elestial/internal/repository.InitializeDB","file":"/Users/elnurkoke/Desktop/ElnurKoke/projects/Elestial/internal/repository/database.go:17","func":"elestial/internal/repository.InitializeDB","level":"info","msg":"Database connected - ./shop.db","time":"2024-12-15T12:07:19+05:00"}
{"fields.func":"elestial/internal/repository.InitializeDB","file":"/Users/elnurkoke/Desktop/ElnurKoke/projects/Elestial/internal/repository/database.go:22","func":"elestial/internal/repository.InitializeDB","level":"info","msg":"Migration complated","time":"2024-12-15T12:07:19+05:00"}
{"fields.func":"elestial/internal/repository.InitializeDB","file":"/Users/elnurkoke/Desktop/ElnurKoke/projects/Elestial/internal/repository/database.go:17","func":"elestial/internal/repository.InitializeDB","level":"info","msg":"Database connected - ./shop.db","time":"2024-12-16T13:09:30+05:00"}
{"fields.func":"elestial/internal/repository.InitializeDB","file":"/Users/elnurkoke/Desktop/ElnurKoke/projects/Elestial/internal/repository/database.go:22","func":"elestial/internal/repository.InitializeDB","level":"info","msg":"Migration complated","time":"2024-12-16T13:09:30+05:00"}
{"fields.func":"elestial/internal/handler.(*Handler).login","file":"/Users/elnurkoke/Desktop/ElnurKoke/projects/Elestial/internal/handler/login.go:44","func":"elestial/internal/handler.(*Handler).login","level":"info","msg":"awd logged in","time":"2024-12-16T13:09:51+05:00"}
{"fields.func":"elestial/internal/repository.InitializeDB","file":"/Users/elnurkoke/Desktop/ElnurKoke/projects/Elestial/internal/repository/database.go:17","func":"elestial/internal/repository.InitializeDB","level":"info","msg":"Database connected - ./shop.db","time":"2024-12-16T13:11:19+05:00"}
{"fields.func":"elestial/internal/repository.InitializeDB","file":"/Users/elnurkoke/Desktop/ElnurKoke/projects/Elestial/internal/repository/database.go:22","func":"elestial/internal/repository.InitializeDB","level":"info","msg":"Migration complated","time":"2024-12-16T13:11:19+05:00"}
{"fields.func":"elestial/internal/handler.(*Handler).login","file":"/Users/elnurkoke/Desktop/ElnurKoke/projects/Elestial/internal/handler/login.go:44","func":"elestial/internal/handler.(*Handler).login","level":"info","msg":"awd logged in","time":"2024-12-16T13:11:27+05:00"}
{"fields.func":"elestial/internal/repository.InitializeDB","file":"/Users/elnurkoke/Desktop/ElnurKoke/projects/Elestial/internal/repository/database.go:17","func":"elestial/internal/repository.InitializeDB","level":"info","msg":"Database connected - ./shop.db","time":"2024-12-16T13:14:23+05:00"}
{"fields.func":"elestial/internal/repository.InitializeDB","file":"/Users/elnurkoke/Desktop/ElnurKoke/projects/Elestial/internal/repository/database.go:22","func":"elestial/internal/repository.InitializeDB","level":"info","msg":"Migration complated","time":"2024-12-16T13:14:23+05:00"}
{"fields.func":"elestial/internal/repository.InitializeDB","file":"/Users/elnurkoke/Desktop/ElnurKoke/projects/Elestial/internal/repository/database.go:17","func":"elestial/internal/repository.InitializeDB","level":"info","msg":"Database connected - ./shop.db","time":"2024-12-16T13:15:00+05:00"}
{"fields.func":"elestial/internal/repository.InitializeDB","file":"/Users/elnurkoke/Desktop/ElnurKoke/projects/Elestial/internal/repository/database.go:22","func":"elestial/internal/repository.InitializeDB","level":"info","msg":"Migration complated","time":"2024-12-16T13:15:00+05:00"}
{"fields.func":"elestial/internal/handler.(*Handler).login","file":"/Users/elnurkoke/Desktop/ElnurKoke/projects/Elestial/internal/handler/login.go:44","func":"elestial/internal/handler.(*Handler).login","level":"info","msg":"awd logged in","time":"2024-12-16T13:15:13+05:00"}
{"fields.func":"elestial/internal/repository.InitializeDB","file":"/Users/elnurkoke/Desktop/ElnurKoke/projects/Elestial/internal/repository/database.go:17","func":"elestial/internal/repository.InitializeDB","level":"info","msg":"Database connected - ./shop.db","time":"2024-12-16T13:15:45+05:00"}
{"fields.func":"elestial/internal/repository.InitializeDB","file":"/Users/elnurkoke/Desktop/ElnurKoke/projects/Elestial/internal/repository/database.go:22","func":"elestial/internal/repository.InitializeDB","level":"info","msg":"Migration complated","time":"2024-12-16T13:15:45+05:00"}
{"fields.func":"elestial/internal/handler.(*Handler).login","file":"/Users/elnurkoke/Desktop/ElnurKoke/projects/Elestial/internal/handler/login.go:44","func":"elestial/internal/handler.(*Handler).login","level":"info","msg":"awd logged in","time":"2024-12-16T13:15:51+05:00"}
{"fields.func":"elestial/internal/repository.InitializeDB","file":"/Users/elnurkoke/Desktop/ElnurKoke/projects/Elestial/internal/repository/database.go:17","func":"elestial/internal/repository.InitializeDB","level":"info","msg":"Database connected - ./shop.db","time":"2024-12-19T16:02:11+05:00"}
{"fields.func":"elestial/internal/repository.InitializeDB","file":"/Users/elnurkoke/Desktop/ElnurKoke/projects/Elestial/internal/repository/database.go:22","func":"elestial/internal/repository.InitializeDB","level":"info","msg":"Migration complated","time":"2024-12-19T16:02:11+05:00"}
{"fields.func":"elestial/internal/handler.(*Handler).login","file":"/Users/elnurkoke/Desktop/ElnurKoke/projects/Elestial/internal/handler/login.go:44","func":"elestial/internal/handler.(*Handler).login","level":"info","msg":"awd logged in","time":"2024-12-19T16:02:24+05:00"}
{"fields.func":"elestial/internal/repository.InitializeDB","file":"/Users/elnurkoke/Desktop/ElnurKoke/projects/Elestial/internal/repository/database.go:17","func":"elestial/internal/repository.InitializeDB","level":"info","msg":"Database connected - ./shop.db","time":"2024-12-19T16:10:33+05:00"}
{"fields.func":"elestial/internal/repository.InitializeDB","file":"/Users/elnurkoke/Desktop/ElnurKoke/projects/Elestial/internal/repository/database.go:22","func":"elestial/internal/repository.InitializeDB","level":"info","msg":"Migration complated","time":"2024-12-19T16:10:33+05:00"}
{"fields.func":"elestial/internal/handler.(*Handler).login","file":"/Users/elnurkoke/Desktop/ElnurKoke/projects/Elestial/internal/handler/login.go:44","func":"elestial/internal/handler.(*Handler).login","level":"info","msg":"awd logged in","time":"2024-12-19T16:10:53+05:00"}
{"fields.func":"elestial/internal/handler.(*Handler).login","file":"/Users/elnurkoke/Desktop/ElnurKoke/projects/Elestial/internal/handler/login.go:44","func":"elestial/internal/handler.(*Handler).login","level":"info","msg":"awd logged in","time":"2024-12-19T16:13:54+05:00"}
{"fields.func":"elestial/internal/repository.InitializeDB","file":"/Users/elnurkoke/Desktop/ElnurKoke/projects/Elestial/internal/repository/database.go:17","func":"elestial/internal/repository.InitializeDB","level":"info","msg":"Database connected - ./shop.db","time":"2024-12-19T16:14:33+05:00"}
{"fields.func":"elestial/internal/repository.InitializeDB","file":"/Users/elnurkoke/Desktop/ElnurKoke/projects/Elestial/internal/repository/database.go:22","func":"elestial/internal/repository.InitializeDB","level":"info","msg":"Migration complated","time":"2024-12-19T16:14:33+05:00"}
{"fields.func":"elestial/internal/repository.InitializeDB","file":"/Users/elnurkoke/Desktop/ElnurKoke/projects/Elestial/internal/repository/database.go:17","func":"elestial/internal/repository.InitializeDB","level":"info","msg":"Database connected - ./shop.db","time":"2025-03-05T19:35:54+05:00"}
{"fields.func":"elestial/internal/repository.InitializeDB","file":"/Users/elnurkoke/Desktop/ElnurKoke/projects/Elestial/internal/repository/database.go:22","func":"elestial/internal/repository.InitializeDB","level":"info","msg":"Migration complated","time":"2025-03-05T19:35:54+05:00"}
{"fields.func":"elestial/internal/repository.InitializeDB","file":"/Users/elnurkoke/Desktop/ElnurKoke/projects/Elestial/internal/repository/database.go:17","func":"elestial/internal/repository.InitializeDB","level":"info","msg":"Database connected - ./shop.db","time":"2025-06-12T12:37:54+05:00"}
{"fields.func":"elestial/internal/repository.InitializeDB","file":"/Users/elnurkoke/Desktop/ElnurKoke/projects/Elestial/internal/repository/database.go:22","func":"elestial/internal/repository.InitializeDB","level":"info","msg":"Migration complated","time":"2025-06-12T12:37:54+05:00"}
{"fields.func":"elestial/internal/repository.InitializeDB","file":"/Users/elnurkoke/Desktop/ElnurKoke/projects/Elestial/internal/repository/database.go:17","func":"elestial/internal/repository.InitializeDB","level":"info","msg":"Database connected - ./shop.db","time":"2025-08-04T18:50:18+05:00"}
{"fields.func":"elestial/internal/repository.InitializeDB","file":"/Users/elnurkoke/Desktop/ElnurKoke/projects/Elestial/internal/repository/database.go:22","func":"elestial/internal/repository.InitializeDB","level":"info","msg":"Migration complated","time":"2025-08-04T18:50:18+05:00"}
{"fields.func":"elestial/internal/handler.(*Handler).register","file":"/Users/elnurkoke/Desktop/ElnurKoke/projects/Elestial/internal/handler/register.go:25","func":"elestial/internal/handler.(*Handler).register","level":"info","msg":"aiaru registered","time":"2025-08-04T18:51:18+05:00"}
{"fields.func":"elestial/internal/handler.(*Handler).login","file":"/Users/elnurkoke/Desktop/ElnurKoke/projects/Elestial/internal/handler/login.go:44","func":"elestial/internal/handler.(*Handler).login","level":"info","msg":"aiaru logged in","time":"2025-08-04T18:51:49+05:00"}
{"fields.func":"elestial/internal/repository.InitializeDB","file":"/Users/elnurkoke/Desktop/ElnurKoke/projects/Elestial/internal/repository/database.go:17","func":"elestial/internal/repository.InitializeDB","level":"info","msg":"Database connected - ./shop.db","time":"2025-10-02T19:29:21+05:00"}
{"fields.func":"elestial/internal/repository.InitializeDB","file":"/Users/elnurkoke/Desktop/ElnurKoke/projects/Elestial/internal/repository/database.go:22","func":"elestial/internal/repository.InitializeDB","level":"info","msg":"Migration complated","time":"2025-10-02T19:29:21+05:00"}
{"fields.func":"elestial/internal/handler.(*Handler).register","file":"/Users/elnurkoke/Desktop/ElnurKoke/projects/Elestial/internal/handler/register.go:25","func":"elestial/internal/handler.(*Handler).register","level":"info","msg":"11elnu@gmail.com registered","time":"2025-10-02T19:30:39+05:00"}
{"fields.func":"elestial/internal/handler.(*Handler).login","file":"/Users/elnurkoke/Desktop/ElnurKoke/projects/Elestial/internal/handler/login.go:44","func":"elestial/internal/handler.(*Handler).login","level":"info","msg":"11elnu@gmail.com logged in","time":"2025-10-02T19:30:42+05:00"}
{"fields.func":"elestial/internal/handler.(*Handler).login","file":"/Users/elnurkoke/Desktop/ElnurKoke/projects/Elestial/internal/handler/login.go:44","func":"elestial/internal/handler.(*Handler).login","level":"info","msg":"11elnu@gmail.com logged in","time":"2025-10-02T19:54:28+05:00"}
{"fields.func":"elestial/internal/repository.InitializeDB","file":"/Users/elnurkoke/Desktop/ElnurKoke/projects/elestial/internal/repository/database.go:17","func":"elestial/internal/repository.InitializeDB","level":"info","msg":"Database connected - ./orig.db","time":"2025-11-15T17:01:30+05:00"}
{"fields.func":"elestial/internal/repository.InitializeDB","file":"/Users/elnurkoke/Desktop/ElnurKoke/projects/elestial/internal/repository/database.go:17","func":"elestial/internal/repository.InitializeDB","level":"info","msg":"Database connected - ./orig.db","time":"2025-11-15T17:02:07+05:00"}
{"fields.func":"elestial/internal/repository.InitializeDB","file":"/Users/elnurkoke/Desktop/ElnurKoke/projects/elestial/internal/repository/database.go:22","func":"elestial/internal/repository.InitializeDB","level":"info","msg":"Migration complated","time":"2025-11-15T17:02:07+05:00"}
